nohup: ignoring input
Running from: /home/ubuntu/sms-app/jenkins.war
webroot: /home/ubuntu/.jenkins/war
2026-04-07 21:29:19.155+0000 [id=1]	INFO	winstone.Logger#logInternal: Beginning extraction from war file
2026-04-07 21:29:20.511+0000 [id=1]	WARNING	o.e.j.s.handler.ContextHandler#setContextPath: Empty contextPath
2026-04-07 21:29:20.669+0000 [id=1]	INFO	org.eclipse.jetty.server.Server#doStart: jetty-10.0.17; built: 2023-10-02T04:04:10.314Z; git: a0f5f05abaa6c3aabb7c3d35f10a6f412ab8b05f; jvm 17.0.18+8-Ubuntu-124.04.1
2026-04-07 21:29:21.329+0000 [id=1]	INFO	o.e.j.w.StandardDescriptorProcessor#visitServlet: NO JSP Support for /, did not find org.eclipse.jetty.jsp.JettyJspServlet
2026-04-07 21:29:21.427+0000 [id=1]	INFO	o.e.j.s.s.DefaultSessionIdManager#doStart: Session workerName=node0
2026-04-07 21:29:22.537+0000 [id=1]	INFO	hudson.WebAppMain#contextInitialized: Jenkins home directory: /home/ubuntu/.jenkins found at: $user.home/.jenkins
2026-04-07 21:29:22.943+0000 [id=1]	INFO	o.e.j.s.handler.ContextHandler#doStart: Started w.@5fc930f0{Jenkins v2.414.3,/,file:///home/ubuntu/.jenkins/war/,AVAILABLE}{/home/ubuntu/.jenkins/war}
2026-04-07 21:29:22.984+0000 [id=1]	INFO	o.e.j.server.AbstractConnector#doStart: Started ServerConnector@479ceda0{HTTP/1.1, (http/1.1)}{0.0.0.0:8080}
2026-04-07 21:29:23.034+0000 [id=1]	INFO	org.eclipse.jetty.server.Server#doStart: Started Server@3697186{STARTING}[10.0.17,sto=0] @4907ms
2026-04-07 21:29:23.037+0000 [id=25]	INFO	winstone.Logger#logInternal: Winstone Servlet Engine running: controlPort=disabled
2026-04-07 21:29:23.506+0000 [id=33]	INFO	jenkins.InitReactorRunner$1#onAttained: Started initialization
2026-04-07 21:29:23.533+0000 [id=31]	INFO	jenkins.InitReactorRunner$1#onAttained: Listed all plugins
2026-04-07 21:29:25.070+0000 [id=30]	INFO	jenkins.InitReactorRunner$1#onAttained: Prepared all plugins
2026-04-07 21:29:25.083+0000 [id=31]	INFO	jenkins.InitReactorRunner$1#onAttained: Started all plugins
2026-04-07 21:29:25.104+0000 [id=30]	INFO	jenkins.InitReactorRunner$1#onAttained: Augmented all extensions
2026-04-07 21:29:25.540+0000 [id=32]	INFO	jenkins.InitReactorRunner$1#onAttained: System config loaded
2026-04-07 21:29:25.541+0000 [id=31]	INFO	jenkins.InitReactorRunner$1#onAttained: System config adapted
2026-04-07 21:29:25.542+0000 [id=31]	INFO	jenkins.InitReactorRunner$1#onAttained: Loaded all jobs
2026-04-07 21:29:25.545+0000 [id=32]	INFO	jenkins.InitReactorRunner$1#onAttained: Configuration for all jobs updated
2026-04-07 21:29:25.604+0000 [id=46]	INFO	hudson.util.Retrier#start: Attempt #1 to do the action check updates server
2026-04-07 21:29:26.287+0000 [id=30]	INFO	jenkins.install.SetupWizard#init: 

*************************************************************
*************************************************************
*************************************************************

Jenkins initial setup is required. An admin user has been created and a password generated.
Please use the following password to proceed to installation:

7dc0314c5301410a90cc7d21303a49e2

This may also be found at: /home/ubuntu/.jenkins/secrets/initialAdminPassword

*************************************************************
*************************************************************
*************************************************************

